# JRE version: OpenJDK Runtime Environment JBR-11.0.13.7-1751.25-jcef (11.0.13+7) (build 11.0.13+7-b1751.25)
# Java VM: OpenJDK 64-Bit Server VM JBR-11.0.13.7-1751.25-jcef (11.0.13+7-b1751.25, mixed mode, tiered, compressed oops, g1 gc, windows-amd64)
Heap:
 garbage-first heap   total 589824K, used 296075K [0x00000000d1200000, 0x0000000100000000)
  region size 1024K, 15 young (15360K), 0 survivors (0K)
 Metaspace       used 50382K, capacity 50935K, committed 51888K, reserved 1095680K
  class space    used 4797K, capacity 5010K, committed 5376K, reserved 1048576K
GC Heap History (20 events):
Event: 149870.603 GC heap before
{Heap before GC invocations=101 (full 40):
 garbage-first heap   total 589824K, used 296075K [0x00000000d1200000, 0x0000000100000000)
  region size 1024K, 15 young (15360K), 0 survivors (0K)
 Metaspace       used 50382K, capacity 50935K, committed 51888K, reserved 1095680K
  class space    used 4797K, capacity 5010K, committed 5376K, reserved 1048576K
}
Event: 149870.712 GC heap after
{Heap after GC invocations=102 (full 41):
 garbage-first heap   total 589824K, used 281739K [0x00000000d1200000, 0x0000000100000000)
  region size 1024K, 0 young (0K), 0 survivors (0K)
 Metaspace       used 50382K, capacity 50935K, committed 51888K, reserved 1095680K
  class space    used 4797K, capacity 5010K, committed 5376K, reserved 1048576K
}
Event: 153470.713 GC heap before
{Heap before GC invocations=102 (full 41):
 garbage-first heap   total 589824K, used 296075K [0x00000000d1200000, 0x0000000100000000)
  region size 1024K, 15 young (15360K), 0 survivors (0K)
 Metaspace       used 50382K, capacity 50935K, committed 51888K, reserved 1095680K
  class space    used 4797K, capacity 5010K, committed 5376K, reserved 1048576K
}
Event: 153470.824 GC heap after
{Heap after GC invocations=103 (full 42):
 garbage-first heap   total 589824K, used 281739K [0x00000000d1200000, 0x0000000100000000)
  region size 1024K, 0 young (0K), 0 survivors (0K)
 Metaspace       used 50382K, capacity 50935K, committed 51888K, reserved 1095680K
  class space    used 4797K, capacity 5010K, committed 5376K, reserved 1048576K
}
Event: 157070.825 GC heap before
{Heap before GC invocations=103 (full 42):
 garbage-first heap   total 589824K, used 296075K [0x00000000d1200000, 0x0000000100000000)
  region size 1024K, 15 young (15360K), 0 survivors (0K)
 Metaspace       used 50382K, capacity 50935K, committed 51888K, reserved 1095680K
  class space    used 4797K, capacity 5010K, committed 5376K, reserved 1048576K
}
Event: 157070.932 GC heap after
{Heap after GC invocations=104 (full 43):
 garbage-first heap   total 589824K, used 281739K [0x00000000d1200000, 0x0000000100000000)
  region size 1024K, 0 young (0K), 0 survivors (0K)
 Metaspace       used 50382K, capacity 50935K, committed 51888K, reserved 1095680K
  class space    used 4797K, capacity 5010K, committed 5376K, reserved 1048576K
}
Event: 160670.933 GC heap before
{Heap before GC invocations=104 (full 43):
 garbage-first heap   total 589824K, used 296075K [0x00000000d1200000, 0x0000000100000000)
  region size 1024K, 15 young (15360K), 0 survivors (0K)
 Metaspace       used 50382K, capacity 50935K, committed 51888K, reserved 1095680K
  class space    used 4797K, capacity 5010K, committed 5376K, reserved 1048576K
}
Event: 160671.056 GC heap after
{Heap after GC invocations=105 (full 44):
 garbage-first heap   total 589824K, used 281739K [0x00000000d1200000, 0x0000000100000000)
  region size 1024K, 0 young (0K), 0 survivors (0K)
 Metaspace       used 50382K, capacity 50935K, committed 51888K, reserved 1095680K
  class space    used 4797K, capacity 5010K, committed 5376K, reserved 1048576K
}
Event: 164271.057 GC heap before
{Heap before GC invocations=105 (full 44):
 garbage-first heap   total 589824K, used 296075K [0x00000000d1200000, 0x0000000100000000)
  region size 1024K, 15 young (15360K), 0 survivors (0K)
 Metaspace       used 50382K, capacity 50935K, committed 51888K, reserved 1095680K
  class space    used 4797K, capacity 5010K, committed 5376K, reserved 1048576K
}
Event: 164271.173 GC heap after
{Heap after GC invocations=106 (full 45):
 garbage-first heap   total 589824K, used 281739K [0x00000000d1200000, 0x0000000100000000)
  region size 1024K, 0 young (0K), 0 survivors (0K)
 Metaspace       used 50382K, capacity 50935K, committed 51888K, reserved 1095680K
  class space    used 4797K, capacity 5010K, committed 5376K, reserved 1048576K
}
Event: 167871.174 GC heap before
{Heap before GC invocations=106 (full 45):
 garbage-first heap   total 589824K, used 296075K [0x00000000d1200000, 0x0000000100000000)
  region size 1024K, 15 young (15360K), 0 survivors (0K)
 Metaspace       used 50382K, capacity 50935K, committed 51888K, reserved 1095680K
  class space    used 4797K, capacity 5010K, committed 5376K, reserved 1048576K
}
Event: 167871.283 GC heap after
{Heap after GC invocations=107 (full 46):
 garbage-first heap   total 589824K, used 281739K [0x00000000d1200000, 0x0000000100000000)
  region size 1024K, 0 young (0K), 0 survivors (0K)
 Metaspace       used 50382K, capacity 50935K, committed 51888K, reserved 1095680K
  class space    used 4797K, capacity 5010K, committed 5376K, reserved 1048576K
}
Event: 171471.284 GC heap before
{Heap before GC invocations=107 (full 46):
 garbage-first heap   total 589824K, used 296075K [0x00000000d1200000, 0x0000000100000000)
  region size 1024K, 15 young (15360K), 0 survivors (0K)
 Metaspace       used 50382K, capacity 50935K, committed 51888K, reserved 1095680K
  class space    used 4797K, capacity 5010K, committed 5376K, reserved 1048576K
}
Event: 171471.395 GC heap after
{Heap after GC invocations=108 (full 47):
 garbage-first heap   total 589824K, used 281739K [0x00000000d1200000, 0x0000000100000000)
  region size 1024K, 0 young (0K), 0 survivors (0K)
 Metaspace       used 50382K, capacity 50935K, committed 51888K, reserved 1095680K
  class space    used 4797K, capacity 5010K, committed 5376K, reserved 1048576K
}
Event: 175071.396 GC heap before
{Heap before GC invocations=108 (full 47):
 garbage-first heap   total 589824K, used 296075K [0x00000000d1200000, 0x0000000100000000)
  region size 1024K, 15 young (15360K), 0 survivors (0K)
 Metaspace       used 50382K, capacity 50935K, committed 51888K, reserved 1095680K
  class space    used 4797K, capacity 5010K, committed 5376K, reserved 1048576K
}
Event: 175071.502 GC heap after
{Heap after GC invocations=109 (full 48):
 garbage-first heap   total 589824K, used 281739K [0x00000000d1200000, 0x0000000100000000)
  region size 1024K, 0 young (0K), 0 survivors (0K)
 Metaspace       used 50382K, capacity 50935K, committed 51888K, reserved 1095680K
  class space    used 4797K, capacity 5010K, committed 5376K, reserved 1048576K
}
Event: 178671.503 GC heap before
{Heap before GC invocations=109 (full 48):
 garbage-first heap   total 589824K, used 296075K [0x00000000d1200000, 0x0000000100000000)
  region size 1024K, 15 young (15360K), 0 survivors (0K)
 Metaspace       used 50382K, capacity 50935K, committed 51888K, reserved 1095680K
  class space    used 4797K, capacity 5010K, committed 5376K, reserved 1048576K
}
Event: 178671.611 GC heap after
{Heap after GC invocations=110 (full 49):
 garbage-first heap   total 589824K, used 281739K [0x00000000d1200000, 0x0000000100000000)
  region size 1024K, 0 young (0K), 0 survivors (0K)
 Metaspace       used 50382K, capacity 50935K, committed 51888K, reserved 1095680K
  class space    used 4797K, capacity 5010K, committed 5376K, reserved 1048576K
}
Event: 182271.611 GC heap before
{Heap before GC invocations=110 (full 49):
 garbage-first heap   total 589824K, used 296075K [0x00000000d1200000, 0x0000000100000000)
  region size 1024K, 15 young (15360K), 0 survivors (0K)
 Metaspace       used 50382K, capacity 50935K, committed 51888K, reserved 1095680K
  class space    used 4797K, capacity 5010K, committed 5376K, reserved 1048576K
}
Event: 182271.724 GC heap after
{Heap after GC invocations=111 (full 50):
 garbage-first heap   total 589824K, used 281739K [0x00000000d1200000, 0x0000000100000000)
  region size 1024K, 0 young (0K), 0 survivors (0K)
 Metaspace       used 50382K, capacity 50935K, committed 51888K, reserved 1095680K
  class space    used 4797K, capacity 5010K, committed 5376K, reserved 1048576K
}

